TN:
SF:src\app.ts
FN:54,(anonymous_10)
FN:69,(anonymous_11)
FN:80,(anonymous_12)
FN:120,(anonymous_13)
FN:162,(anonymous_14)
FN:172,(anonymous_15)
FN:179,broadcastToAll
FN:184,(anonymous_17)
FN:210,(anonymous_18)
FNF:9
FNH:0
FNDA:0,(anonymous_10)
FNDA:0,(anonymous_11)
FNDA:0,(anonymous_12)
FNDA:0,(anonymous_13)
FNDA:0,(anonymous_14)
FNDA:0,(anonymous_15)
FNDA:0,broadcastToAll
FNDA:0,(anonymous_17)
FNDA:0,(anonymous_18)
DA:1,0
DA:2,0
DA:3,0
DA:4,0
DA:5,0
DA:6,0
DA:8,0
DA:9,0
DA:10,0
DA:12,0
DA:13,0
DA:16,0
DA:18,0
DA:20,0
DA:21,0
DA:22,0
DA:25,0
DA:28,0
DA:43,0
DA:46,0
DA:47,0
DA:50,0
DA:53,0
DA:60,0
DA:61,0
DA:69,0
DA:70,0
DA:78,0
DA:80,0
DA:81,0
DA:84,0
DA:85,0
DA:86,0
DA:87,0
DA:89,0
DA:90,0
DA:91,0
DA:92,0
DA:95,0
DA:96,0
DA:97,0
DA:98,0
DA:99,0
DA:102,0
DA:103,0
DA:105,0
DA:110,0
DA:120,0
DA:121,0
DA:122,0
DA:123,0
DA:125,0
DA:128,0
DA:130,0
DA:136,0
DA:139,0
DA:145,0
DA:147,0
DA:150,0
DA:151,0
DA:162,0
DA:163,0
DA:164,0
DA:172,0
DA:173,0
DA:174,0
DA:180,0
DA:181,0
DA:182,0
DA:184,0
DA:185,0
DA:186,0
DA:187,0
DA:188,0
DA:190,0
DA:194,0
DA:198,0
DA:199,0
DA:203,0
DA:207,0
DA:210,0
DA:211,0
DA:212,0
DA:213,0
DA:214,0
DA:217,0
DA:218,0
DA:221,0
LF:88
LH:0
BRDA:22,0,0,0
BRDA:22,0,1,0
BRDA:31,1,0,0
BRDA:31,1,1,0
BRDA:84,2,0,0
BRDA:84,2,1,0
BRDA:85,3,0,0
BRDA:85,3,1,0
BRDA:89,4,0,0
BRDA:89,4,1,0
BRDA:96,5,0,0
BRDA:96,5,1,0
BRDA:128,6,0,0
BRDA:128,6,1,0
BRDA:128,6,2,0
BRDA:185,7,0,0
BRDA:185,7,1,0
BRF:17
BRH:0
end_of_record
TN:
SF:src\controllers\api-management.ts
FN:9,(anonymous_1)
FN:16,(anonymous_2)
FN:49,(anonymous_3)
FN:72,(anonymous_4)
FN:112,(anonymous_5)
FN:161,(anonymous_6)
FN:208,(anonymous_7)
FN:249,(anonymous_8)
FN:272,(anonymous_9)
FNF:9
FNH:0
FNDA:0,(anonymous_1)
FNDA:0,(anonymous_2)
FNDA:0,(anonymous_3)
FNDA:0,(anonymous_4)
FNDA:0,(anonymous_5)
FNDA:0,(anonymous_6)
FNDA:0,(anonymous_7)
FNDA:0,(anonymous_8)
FNDA:0,(anonymous_9)
DA:2,0
DA:5,0
DA:13,0
DA:15,0
DA:16,0
DA:18,0
DA:33,0
DA:38,0
DA:39,0
DA:53,0
DA:54,0
DA:56,0
DA:61,0
DA:62,0
DA:76,0
DA:77,0
DA:79,0
DA:80,0
DA:84,0
DA:87,0
DA:95,0
DA:101,0
DA:102,0
DA:116,0
DA:117,0
DA:118,0
DA:120,0
DA:121,0
DA:122,0
DA:126,0
DA:129,0
DA:137,0
DA:138,0
DA:144,0
DA:150,0
DA:151,0
DA:165,0
DA:166,0
DA:167,0
DA:169,0
DA:170,0
DA:171,0
DA:175,0
DA:178,0
DA:182,0
DA:183,0
DA:191,0
DA:197,0
DA:198,0
DA:212,0
DA:213,0
DA:215,0
DA:216,0
DA:217,0
DA:221,0
DA:224,0
DA:226,0
DA:227,0
DA:232,0
DA:238,0
DA:239,0
DA:253,0
DA:254,0
DA:256,0
DA:261,0
DA:262,0
DA:276,0
DA:277,0
DA:279,0
DA:284,0
DA:285,0
LF:71
LH:0
BRDA:79,0,0,0
BRDA:79,0,1,0
BRDA:79,1,0,0
BRDA:79,1,1,0
BRDA:79,1,2,0
BRDA:89,2,0,0
BRDA:89,2,1,0
BRDA:91,3,0,0
BRDA:91,3,1,0
BRDA:121,4,0,0
BRDA:121,4,1,0
BRDA:137,5,0,0
BRDA:137,5,1,0
BRDA:170,6,0,0
BRDA:170,6,1,0
BRDA:179,7,0,0
BRDA:179,7,1,0
BRDA:182,8,0,0
BRDA:182,8,1,0
BRDA:187,9,0,0
BRDA:187,9,1,0
BRDA:216,10,0,0
BRDA:216,10,1,0
BRDA:226,11,0,0
BRDA:226,11,1,0
BRF:25
BRH:0
end_of_record
TN:
SF:src\controllers\api.ts
FN:10,(anonymous_10)
FN:18,(anonymous_11)
FN:35,(anonymous_12)
FN:74,(anonymous_13)
FN:107,(anonymous_14)
FN:134,(anonymous_15)
FN:165,(anonymous_16)
FN:198,(anonymous_17)
FN:215,(anonymous_18)
FN:265,(anonymous_19)
FN:299,(anonymous_20)
FN:326,(anonymous_21)
FN:343,(anonymous_22)
FN:360,(anonymous_23)
FN:404,(anonymous_24)
FN:436,(anonymous_25)
FNF:16
FNH:0
FNDA:0,(anonymous_10)
FNDA:0,(anonymous_11)
FNDA:0,(anonymous_12)
FNDA:0,(anonymous_13)
FNDA:0,(anonymous_14)
FNDA:0,(anonymous_15)
FNDA:0,(anonymous_16)
FNDA:0,(anonymous_17)
FNDA:0,(anonymous_18)
FNDA:0,(anonymous_19)
FNDA:0,(anonymous_20)
FNDA:0,(anonymous_21)
FNDA:0,(anonymous_22)
FNDA:0,(anonymous_23)
FNDA:0,(anonymous_24)
FNDA:0,(anonymous_25)
DA:2,0
DA:3,0
DA:4,0
DA:6,0
DA:7,0
DA:11,0
DA:12,0
DA:13,0
DA:14,0
DA:19,0
DA:20,0
DA:21,0
DA:26,0
DA:27,0
DA:36,0
DA:37,0
DA:39,0
DA:40,0
DA:44,0
DA:47,0
DA:59,0
DA:60,0
DA:65,0
DA:66,0
DA:75,0
DA:76,0
DA:77,0
DA:80,0
DA:81,0
DA:82,0
DA:84,0
DA:85,0
DA:86,0
DA:90,0
DA:93,0
DA:98,0
DA:99,0
DA:108,0
DA:109,0
DA:111,0
DA:112,0
DA:113,0
DA:117,0
DA:120,0
DA:125,0
DA:126,0
DA:135,0
DA:136,0
DA:138,0
DA:139,0
DA:140,0
DA:144,0
DA:147,0
DA:151,0
DA:156,0
DA:157,0
DA:166,0
DA:167,0
DA:169,0
DA:170,0
DA:175,0
DA:176,0
DA:180,0
DA:183,0
DA:189,0
DA:190,0
DA:199,0
DA:200,0
DA:201,0
DA:206,0
DA:207,0
DA:216,0
DA:225,0
DA:227,0
DA:228,0
DA:232,0
DA:235,0
DA:250,0
DA:251,0
DA:256,0
DA:257,0
DA:266,0
DA:267,0
DA:268,0
DA:271,0
DA:272,0
DA:273,0
DA:274,0
DA:276,0
DA:277,0
DA:278,0
DA:282,0
DA:285,0
DA:290,0
DA:291,0
DA:300,0
DA:301,0
DA:303,0
DA:304,0
DA:305,0
DA:309,0
DA:312,0
DA:317,0
DA:318,0
DA:327,0
DA:328,0
DA:329,0
DA:334,0
DA:335,0
DA:344,0
DA:345,0
DA:346,0
DA:351,0
DA:352,0
DA:361,0
DA:368,0
DA:370,0
DA:371,0
DA:375,0
DA:378,0
DA:389,0
DA:390,0
DA:395,0
DA:396,0
DA:405,0
DA:406,0
DA:407,0
DA:410,0
DA:411,0
DA:413,0
DA:414,0
DA:415,0
DA:419,0
DA:422,0
DA:427,0
DA:428,0
DA:437,0
DA:438,0
DA:440,0
DA:441,0
DA:442,0
DA:446,0
DA:449,0
DA:454,0
DA:455,0
LF:145
LH:0
BRDA:39,0,0,0
BRDA:39,0,1,0
BRDA:39,1,0,0
BRDA:39,1,1,0
BRDA:39,1,2,0
BRDA:52,2,0,0
BRDA:52,2,1,0
BRDA:54,3,0,0
BRDA:54,3,1,0
BRDA:85,4,0,0
BRDA:85,4,1,0
BRDA:112,5,0,0
BRDA:112,5,1,0
BRDA:139,6,0,0
BRDA:139,6,1,0
BRDA:175,7,0,0
BRDA:175,7,1,0
BRDA:227,8,0,0
BRDA:227,8,1,0
BRDA:227,9,0,0
BRDA:227,9,1,0
BRDA:227,9,2,0
BRDA:240,10,0,0
BRDA:240,10,1,0
BRDA:242,11,0,0
BRDA:242,11,1,0
BRDA:243,12,0,0
BRDA:243,12,1,0
BRDA:277,13,0,0
BRDA:277,13,1,0
BRDA:304,14,0,0
BRDA:304,14,1,0
BRDA:370,15,0,0
BRDA:370,15,1,0
BRDA:370,16,0,0
BRDA:370,16,1,0
BRDA:382,17,0,0
BRDA:382,17,1,0
BRDA:383,18,0,0
BRDA:383,18,1,0
BRDA:384,19,0,0
BRDA:384,19,1,0
BRDA:414,20,0,0
BRDA:414,20,1,0
BRDA:441,21,0,0
BRDA:441,21,1,0
BRF:46
BRH:0
end_of_record
TN:
SF:src\controllers\auth.ts
FN:13,(anonymous_1)
FN:54,(anonymous_2)
FN:73,(anonymous_3)
FN:130,(anonymous_4)
FN:208,(anonymous_5)
FN:232,(anonymous_6)
FN:262,(anonymous_7)
FN:297,(anonymous_8)
FN:318,(anonymous_9)
FN:369,(anonymous_10)
FN:402,(anonymous_11)
FN:425,(anonymous_12)
FN:469,(anonymous_13)
FNF:13
FNH:0
FNDA:0,(anonymous_1)
FNDA:0,(anonymous_2)
FNDA:0,(anonymous_3)
FNDA:0,(anonymous_4)
FNDA:0,(anonymous_5)
FNDA:0,(anonymous_6)
FNDA:0,(anonymous_7)
FNDA:0,(anonymous_8)
FNDA:0,(anonymous_9)
FNDA:0,(anonymous_10)
FNDA:0,(anonymous_11)
FNDA:0,(anonymous_12)
FNDA:0,(anonymous_13)
DA:2,0
DA:3,0
DA:12,0
DA:14,0
DA:15,0
DA:17,0
DA:18,0
DA:22,0
DA:23,0
DA:26,0
DA:28,0
DA:29,0
DA:33,0
DA:34,0
DA:37,0
DA:43,0
DA:45,0
DA:46,0
DA:50,0
DA:56,0
DA:58,0
DA:70,0
DA:77,0
DA:78,0
DA:79,0
DA:81,0
DA:82,0
DA:86,0
DA:87,0
DA:90,0
DA:91,0
DA:95,0
DA:96,0
DA:99,0
DA:105,0
DA:106,0
DA:110,0
DA:111,0
DA:114,0
DA:119,0
DA:121,0
DA:122,0
DA:126,0
DA:134,0
DA:135,0
DA:146,0
DA:148,0
DA:149,0
DA:153,0
DA:157,0
DA:158,0
DA:161,0
DA:162,0
DA:163,0
DA:167,0
DA:168,0
DA:171,0
DA:179,0
DA:180,0
DA:183,0
DA:187,0
DA:188,0
DA:191,0
DA:197,0
DA:199,0
DA:200,0
DA:204,0
DA:212,0
DA:213,0
DA:215,0
DA:221,0
DA:223,0
DA:224,0
DA:228,0
DA:236,0
DA:238,0
DA:251,0
DA:253,0
DA:254,0
DA:258,0
DA:266,0
DA:268,0
DA:286,0
DA:288,0
DA:289,0
DA:293,0
DA:301,0
DA:303,0
DA:307,0
DA:309,0
DA:310,0
DA:314,0
DA:322,0
DA:323,0
DA:324,0
DA:327,0
DA:358,0
DA:360,0
DA:361,0
DA:365,0
DA:373,0
DA:375,0
DA:391,0
DA:393,0
DA:394,0
DA:398,0
DA:406,0
DA:407,0
DA:410,0
DA:414,0
DA:416,0
DA:417,0
DA:421,0
DA:426,0
DA:427,0
DA:429,0
DA:430,0
DA:434,0
DA:435,0
DA:438,0
DA:440,0
DA:441,0
DA:445,0
DA:446,0
DA:450,0
DA:452,0
DA:458,0
DA:460,0
DA:461,0
DA:465,0
DA:470,0
DA:471,0
DA:472,0
DA:474,0
DA:475,0
DA:479,0
DA:480,0
DA:483,0
DA:484,0
DA:488,0
DA:489,0
DA:492,0
DA:497,0
DA:498,0
DA:502,0
DA:503,0
DA:507,0
DA:509,0
DA:515,0
DA:517,0
DA:518,0
DA:522,0
LF:152
LH:0
BRDA:17,0,0,0
BRDA:17,0,1,0
BRDA:17,1,0,0
BRDA:17,1,1,0
BRDA:28,2,0,0
BRDA:28,2,1,0
BRDA:81,3,0,0
BRDA:81,3,1,0
BRDA:81,4,0,0
BRDA:81,4,1,0
BRDA:90,5,0,0
BRDA:90,5,1,0
BRDA:105,6,0,0
BRDA:105,6,1,0
BRDA:148,7,0,0
BRDA:148,7,1,0
BRDA:148,8,0,0
BRDA:148,8,1,0
BRDA:161,9,0,0
BRDA:161,9,1,0
BRDA:175,10,0,0
BRDA:175,10,1,0
BRDA:179,11,0,0
BRDA:179,11,1,0
BRDA:323,12,0,0
BRDA:323,12,1,0
BRDA:324,13,0,0
BRDA:324,13,1,0
BRDA:429,14,0,0
BRDA:429,14,1,0
BRDA:440,15,0,0
BRDA:440,15,1,0
BRDA:474,16,0,0
BRDA:474,16,1,0
BRDA:483,17,0,0
BRDA:483,17,1,0
BRDA:494,18,0,0
BRDA:494,18,1,0
BRDA:497,19,0,0
BRDA:497,19,1,0
BRF:40
BRH:0
end_of_record
TN:
SF:src\controllers\content.ts
FN:6,(anonymous_1)
FN:32,(anonymous_2)
FN:63,(anonymous_3)
FN:128,(anonymous_4)
FN:161,(anonymous_5)
FN:204,(anonymous_6)
FN:235,(anonymous_7)
FN:276,(anonymous_8)
FN:321,(anonymous_9)
FNF:9
FNH:0
FNDA:0,(anonymous_1)
FNDA:0,(anonymous_2)
FNDA:0,(anonymous_3)
FNDA:0,(anonymous_4)
FNDA:0,(anonymous_5)
FNDA:0,(anonymous_6)
FNDA:0,(anonymous_7)
FNDA:0,(anonymous_8)
FNDA:0,(anonymous_9)
DA:2,0
DA:5,0
DA:7,0
DA:8,0
DA:10,0
DA:15,0
DA:21,0
DA:23,0
DA:24,0
DA:28,0
DA:33,0
DA:34,0
DA:35,0
DA:37,0
DA:38,0
DA:42,0
DA:43,0
DA:46,0
DA:52,0
DA:54,0
DA:55,0
DA:59,0
DA:64,0
DA:65,0
DA:71,0
DA:72,0
DA:75,0
DA:76,0
DA:82,0
DA:86,0
DA:87,0
DA:91,0
DA:92,0
DA:93,0
DA:97,0
DA:98,0
DA:101,0
DA:110,0
DA:116,0
DA:118,0
DA:119,0
DA:124,0
DA:129,0
DA:130,0
DA:131,0
DA:133,0
DA:135,0
DA:136,0
DA:140,0
DA:141,0
DA:144,0
DA:150,0
DA:152,0
DA:153,0
DA:157,0
DA:162,0
DA:163,0
DA:164,0
DA:165,0
DA:167,0
DA:168,0
DA:172,0
DA:173,0
DA:176,0
DA:178,0
DA:179,0
DA:183,0
DA:184,0
DA:187,0
DA:193,0
DA:195,0
DA:196,0
DA:200,0
DA:205,0
DA:206,0
DA:208,0
DA:210,0
DA:211,0
DA:215,0
DA:216,0
DA:219,0
DA:224,0
DA:226,0
DA:227,0
DA:231,0
DA:236,0
DA:237,0
DA:238,0
DA:240,0
DA:241,0
DA:245,0
DA:246,0
DA:249,0
DA:251,0
DA:252,0
DA:256,0
DA:257,0
DA:260,0
DA:265,0
DA:267,0
DA:268,0
DA:272,0
DA:277,0
DA:278,0
DA:281,0
DA:283,0
DA:284,0
DA:288,0
DA:289,0
DA:293,0
DA:294,0
DA:295,0
DA:299,0
DA:300,0
DA:304,0
DA:310,0
DA:312,0
DA:313,0
DA:317,0
DA:322,0
DA:323,0
DA:324,0
DA:326,0
DA:327,0
DA:331,0
DA:332,0
DA:336,0
DA:337,0
DA:338,0
DA:342,0
DA:343,0
DA:347,0
DA:353,0
DA:355,0
DA:356,0
DA:360,0
LF:136
LH:0
BRDA:37,0,0,0
BRDA:37,0,1,0
BRDA:75,1,0,0
BRDA:75,1,1,0
BRDA:75,2,0,0
BRDA:75,2,1,0
BRDA:75,2,2,0
BRDA:75,2,3,0
BRDA:92,3,0,0
BRDA:92,3,1,0
BRDA:122,4,0,0
BRDA:122,4,1,0
BRDA:135,5,0,0
BRDA:135,5,1,0
BRDA:167,6,0,0
BRDA:167,6,1,0
BRDA:178,7,0,0
BRDA:178,7,1,0
BRDA:210,8,0,0
BRDA:210,8,1,0
BRDA:240,9,0,0
BRDA:240,9,1,0
BRDA:251,10,0,0
BRDA:251,10,1,0
BRDA:283,11,0,0
BRDA:283,11,1,0
BRDA:294,12,0,0
BRDA:294,12,1,0
BRDA:294,13,0,0
BRDA:294,13,1,0
BRDA:326,14,0,0
BRDA:326,14,1,0
BRDA:337,15,0,0
BRDA:337,15,1,0
BRDA:337,16,0,0
BRDA:337,16,1,0
BRF:36
BRH:0
end_of_record
TN:
SF:src\controllers\database.ts
FN:11,(anonymous_1)
FN:51,(anonymous_2)
FN:89,(anonymous_3)
FN:147,(anonymous_4)
FN:174,(anonymous_5)
FNF:5
FNH:0
FNDA:0,(anonymous_1)
FNDA:0,(anonymous_2)
FNDA:0,(anonymous_3)
FNDA:0,(anonymous_4)
FNDA:0,(anonymous_5)
DA:2,0
DA:3,0
DA:4,0
DA:7,0
DA:15,0
DA:17,0
DA:20,0
DA:21,0
DA:24,0
DA:25,0
DA:26,0
DA:29,0
DA:40,0
DA:41,0
DA:55,0
DA:56,0
DA:59,0
DA:60,0
DA:64,0
DA:67,0
DA:68,0
DA:69,0
DA:71,0
DA:78,0
DA:79,0
DA:93,0
DA:94,0
DA:96,0
DA:97,0
DA:101,0
DA:105,0
DA:114,0
DA:115,0
DA:116,0
DA:121,0
DA:125,0
DA:126,0
DA:127,0
DA:129,0
DA:136,0
DA:137,0
DA:151,0
DA:152,0
DA:154,0
DA:155,0
DA:161,0
DA:163,0
DA:164,0
DA:178,0
DA:180,0
DA:183,0
DA:184,0
DA:185,0
DA:189,0
DA:191,0
DA:196,0
DA:197,0
LF:57
LH:0
BRDA:59,0,0,0
BRDA:59,0,1,0
BRDA:96,1,0,0
BRDA:96,1,1,0
BRDA:96,2,0,0
BRDA:96,2,1,0
BRDA:115,3,0,0
BRDA:115,3,1,0
BRDA:139,4,0,0
BRDA:139,4,1,0
BRDA:184,5,0,0
BRDA:184,5,1,0
BRF:12
BRH:0
end_of_record
TN:
SF:src\controllers\email.ts
FN:13,(anonymous_1)
FN:41,(anonymous_2)
FN:94,(anonymous_3)
FN:121,(anonymous_4)
FN:160,(anonymous_5)
FN:184,(anonymous_6)
FN:229,(anonymous_7)
FN:288,(anonymous_8)
FN:334,(anonymous_9)
FN:379,(anonymous_10)
FN:429,(anonymous_11)
FN:459,(anonymous_12)
FN:491,(anonymous_13)
FNF:13
FNH:0
FNDA:0,(anonymous_1)
FNDA:0,(anonymous_2)
FNDA:0,(anonymous_3)
FNDA:0,(anonymous_4)
FNDA:0,(anonymous_5)
FNDA:0,(anonymous_6)
FNDA:0,(anonymous_7)
FNDA:0,(anonymous_8)
FNDA:0,(anonymous_9)
FNDA:0,(anonymous_10)
FNDA:0,(anonymous_11)
FNDA:0,(anonymous_12)
FNDA:0,(anonymous_13)
DA:8,0
DA:9,0
DA:11,0
DA:17,0
DA:18,0
DA:19,0
DA:21,0
DA:30,0
DA:32,0
DA:33,0
DA:37,0
DA:45,0
DA:54,0
DA:56,0
DA:57,0
DA:62,0
DA:63,0
DA:66,0
DA:76,0
DA:78,0
DA:83,0
DA:85,0
DA:86,0
DA:90,0
DA:98,0
DA:99,0
DA:101,0
DA:109,0
DA:111,0
DA:112,0
DA:116,0
DA:125,0
DA:126,0
DA:128,0
DA:129,0
DA:133,0
DA:134,0
DA:137,0
DA:139,0
DA:148,0
DA:150,0
DA:151,0
DA:155,0
DA:164,0
DA:165,0
DA:167,0
DA:173,0
DA:175,0
DA:176,0
DA:180,0
DA:188,0
DA:189,0
DA:190,0
DA:192,0
DA:193,0
DA:197,0
DA:198,0
DA:201,0
DA:203,0
DA:204,0
DA:208,0
DA:209,0
DA:212,0
DA:218,0
DA:220,0
DA:221,0
DA:225,0
DA:233,0
DA:234,0
DA:236,0
DA:241,0
DA:245,0
DA:246,0
DA:249,0
DA:259,0
DA:265,0
DA:267,0
DA:269,0
DA:273,0
DA:277,0
DA:279,0
DA:283,0
DA:292,0
DA:293,0
DA:294,0
DA:295,0
DA:297,0
DA:298,0
DA:302,0
DA:303,0
DA:306,0
DA:308,0
DA:309,0
DA:313,0
DA:314,0
DA:317,0
DA:323,0
DA:325,0
DA:326,0
DA:330,0
DA:338,0
DA:339,0
DA:340,0
DA:342,0
DA:343,0
DA:347,0
DA:348,0
DA:351,0
DA:353,0
DA:354,0
DA:358,0
DA:359,0
DA:362,0
DA:367,0
DA:369,0
DA:370,0
DA:374,0
DA:383,0
DA:384,0
DA:385,0
DA:386,0
DA:388,0
DA:389,0
DA:393,0
DA:394,0
DA:397,0
DA:398,0
DA:402,0
DA:403,0
DA:406,0
DA:412,0
DA:418,0
DA:420,0
DA:421,0
DA:425,0
DA:433,0
DA:434,0
DA:436,0
DA:441,0
DA:447,0
DA:449,0
DA:450,0
DA:454,0
DA:463,0
DA:464,0
DA:465,0
DA:467,0
DA:480,0
DA:482,0
DA:483,0
DA:487,0
DA:495,0
DA:496,0
DA:503,0
DA:505,0
DA:514,0
DA:520,0
DA:522,0
DA:523,0
DA:527,0
LF:160
LH:0
BRDA:56,0,0,0
BRDA:56,0,1,0
BRDA:56,1,0,0
BRDA:56,1,1,0
BRDA:56,1,2,0
BRDA:56,1,3,0
BRDA:56,1,4,0
BRDA:69,2,0,0
BRDA:69,2,1,0
BRDA:73,3,0,0
BRDA:73,3,1,0
BRDA:103,4,0,0
BRDA:103,4,1,0
BRDA:109,5,0,0
BRDA:109,5,1,0
BRDA:128,6,0,0
BRDA:128,6,1,0
BRDA:141,7,0,0
BRDA:141,7,1,0
BRDA:142,8,0,0
BRDA:142,8,1,0
BRDA:148,9,0,0
BRDA:148,9,1,0
BRDA:192,10,0,0
BRDA:192,10,1,0
BRDA:203,11,0,0
BRDA:203,11,1,0
BRDA:236,12,0,0
BRDA:236,12,1,0
BRDA:237,13,0,0
BRDA:237,13,1,0
BRDA:237,13,2,0
BRDA:254,14,0,0
BRDA:254,14,1,0
BRDA:256,15,0,0
BRDA:256,15,1,0
BRDA:269,16,0,0
BRDA:269,16,1,0
BRDA:270,17,0,0
BRDA:270,17,1,0
BRDA:297,18,0,0
BRDA:297,18,1,0
BRDA:308,19,0,0
BRDA:308,19,1,0
BRDA:342,20,0,0
BRDA:342,20,1,0
BRDA:353,21,0,0
BRDA:353,21,1,0
BRDA:384,22,0,0
BRDA:384,23,0,0
BRDA:388,24,0,0
BRDA:388,24,1,0
BRDA:388,25,0,0
BRDA:388,25,1,0
BRDA:397,26,0,0
BRDA:397,26,1,0
BRDA:397,27,0,0
BRDA:397,27,1,0
BRDA:397,27,2,0
BRDA:464,28,0,0
BRDA:464,28,1,0
BRDA:469,29,0,0
BRDA:469,29,1,0
BRDA:496,30,0,0
BRDA:496,30,1,0
BRDA:507,31,0,0
BRDA:507,31,1,0
BRDA:508,32,0,0
BRDA:508,32,1,0
BRDA:509,33,0,0
BRDA:509,33,1,0
BRDA:510,34,0,0
BRDA:510,34,1,0
BRDA:511,35,0,0
BRDA:511,35,1,0
BRF:75
BRH:0
end_of_record
TN:
SF:src\controllers\files.ts
FN:15,(anonymous_1)
FN:22,(anonymous_2)
FN:30,(anonymous_3)
FN:70,(anonymous_4)
FN:76,(anonymous_5)
FN:106,(anonymous_6)
FN:137,(anonymous_7)
FN:214,(anonymous_8)
FN:259,(anonymous_9)
FN:331,(anonymous_10)
FNF:10
FNH:0
FNDA:0,(anonymous_1)
FNDA:0,(anonymous_2)
FNDA:0,(anonymous_3)
FNDA:0,(anonymous_4)
FNDA:0,(anonymous_5)
FNDA:0,(anonymous_6)
FNDA:0,(anonymous_7)
FNDA:0,(anonymous_8)
FNDA:0,(anonymous_9)
FNDA:0,(anonymous_10)
DA:2,0
DA:3,0
DA:4,0
DA:5,0
DA:6,0
DA:14,0
DA:16,0
DA:17,0
DA:18,0
DA:20,0
DA:23,0
DA:26,0
DA:30,0
DA:36,0
DA:54,0
DA:55,0
DA:57,0
DA:61,0
DA:70,0
DA:75,0
DA:77,0
DA:78,0
DA:81,0
DA:87,0
DA:89,0
DA:95,0
DA:97,0
DA:98,0
DA:102,0
DA:107,0
DA:108,0
DA:109,0
DA:111,0
DA:112,0
DA:116,0
DA:117,0
DA:120,0
DA:126,0
DA:128,0
DA:129,0
DA:133,0
DA:138,0
DA:139,0
DA:140,0
DA:141,0
DA:143,0
DA:144,0
DA:148,0
DA:149,0
DA:152,0
DA:153,0
DA:157,0
DA:158,0
DA:162,0
DA:163,0
DA:167,0
DA:177,0
DA:185,0
DA:187,0
DA:190,0
DA:191,0
DA:192,0
DA:193,0
DA:194,0
DA:195,0
DA:198,0
DA:202,0
DA:203,0
DA:206,0
DA:210,0
DA:215,0
DA:216,0
DA:217,0
DA:219,0
DA:220,0
DA:224,0
DA:225,0
DA:229,0
DA:230,0
DA:234,0
DA:235,0
DA:239,0
DA:240,0
DA:244,0
DA:247,0
DA:248,0
DA:250,0
DA:251,0
DA:255,0
DA:260,0
DA:261,0
DA:262,0
DA:263,0
DA:265,0
DA:266,0
DA:270,0
DA:271,0
DA:274,0
DA:275,0
DA:279,0
DA:280,0
DA:284,0
DA:285,0
DA:289,0
DA:290,0
DA:294,0
DA:296,0
DA:297,0
DA:301,0
DA:302,0
DA:306,0
DA:307,0
DA:308,0
DA:311,0
DA:315,0
DA:320,0
DA:322,0
DA:323,0
DA:327,0
DA:332,0
DA:333,0
DA:334,0
DA:336,0
DA:337,0
DA:341,0
DA:342,0
DA:346,0
DA:347,0
DA:351,0
DA:352,0
DA:356,0
DA:357,0
DA:361,0
DA:362,0
DA:366,0
DA:367,0
DA:370,0
DA:371,0
DA:376,0
DA:383,0
DA:384,0
DA:386,0
DA:387,0
DA:391,0
LF:144
LH:0
BRDA:17,0,0,0
BRDA:17,0,1,0
BRDA:54,1,0,0
BRDA:54,1,1,0
BRDA:111,2,0,0
BRDA:111,2,1,0
BRDA:143,3,0,0
BRDA:143,3,1,0
BRDA:152,4,0,0
BRDA:152,4,1,0
BRDA:163,5,0,0
BRDA:163,5,1,0
BRDA:190,6,0,0
BRDA:190,6,1,0
BRDA:192,7,0,0
BRDA:192,7,1,0
BRDA:194,8,0,0
BRDA:194,8,1,0
BRDA:208,9,0,0
BRDA:208,9,1,0
BRDA:219,10,0,0
BRDA:219,10,1,0
BRDA:229,11,0,0
BRDA:229,11,1,0
BRDA:265,12,0,0
BRDA:265,12,1,0
BRDA:274,13,0,0
BRDA:274,13,1,0
BRDA:284,14,0,0
BRDA:284,14,1,0
BRDA:284,15,0,0
BRDA:284,15,1,0
BRDA:296,16,0,0
BRDA:296,16,1,0
BRDA:307,17,0,0
BRDA:307,17,1,0
BRDA:336,18,0,0
BRDA:336,18,1,0
BRDA:346,19,0,0
BRDA:346,19,1,0
BRDA:356,20,0,0
BRDA:356,20,1,0
BRDA:370,21,0,0
BRDA:370,21,1,0
BRF:44
BRH:0
end_of_record
TN:
SF:src\controllers\notifications.ts
FN:28,(anonymous_1)
FN:76,(anonymous_2)
FN:115,(anonymous_3)
FN:146,(anonymous_4)
FN:185,(anonymous_5)
FN:226,(anonymous_6)
FNF:6
FNH:0
FNDA:0,(anonymous_1)
FNDA:0,(anonymous_2)
FNDA:0,(anonymous_3)
FNDA:0,(anonymous_4)
FNDA:0,(anonymous_5)
FNDA:0,(anonymous_6)
DA:2,0
DA:27,0
DA:32,0
DA:33,0
DA:34,0
DA:36,0
DA:37,0
DA:41,0
DA:42,0
DA:45,0
DA:51,0
DA:53,0
DA:59,0
DA:65,0
DA:67,0
DA:68,0
DA:72,0
DA:77,0
DA:78,0
DA:79,0
DA:81,0
DA:82,0
DA:86,0
DA:87,0
DA:90,0
DA:92,0
DA:93,0
DA:97,0
DA:99,0
DA:103,0
DA:106,0
DA:107,0
DA:111,0
DA:116,0
DA:117,0
DA:119,0
DA:120,0
DA:124,0
DA:125,0
DA:128,0
DA:130,0
DA:135,0
DA:137,0
DA:138,0
DA:142,0
DA:147,0
DA:148,0
DA:149,0
DA:151,0
DA:152,0
DA:156,0
DA:157,0
DA:160,0
DA:162,0
DA:163,0
DA:167,0
DA:169,0
DA:173,0
DA:176,0
DA:177,0
DA:181,0
DA:189,0
DA:190,0
DA:192,0
DA:193,0
DA:197,0
DA:198,0
DA:201,0
DA:203,0
DA:215,0
DA:217,0
DA:218,0
DA:222,0
DA:230,0
DA:231,0
DA:232,0
DA:234,0
DA:235,0
DA:239,0
DA:240,0
DA:243,0
DA:248,0
DA:253,0
DA:255,0
DA:256,0
DA:260,0
LF:86
LH:0
BRDA:34,0,0,0
BRDA:34,1,0,0
BRDA:36,2,0,0
BRDA:36,2,1,0
BRDA:47,3,0,0
BRDA:47,3,1,0
BRDA:81,4,0,0
BRDA:81,4,1,0
BRDA:92,5,0,0
BRDA:92,5,1,0
BRDA:119,6,0,0
BRDA:119,6,1,0
BRDA:151,7,0,0
BRDA:151,7,1,0
BRDA:162,8,0,0
BRDA:162,8,1,0
BRDA:192,9,0,0
BRDA:192,9,1,0
BRDA:205,10,0,0
BRDA:205,10,1,0
BRDA:234,11,0,0
BRDA:234,11,1,0
BRF:22
BRH:0
end_of_record
TN:
SF:src\controllers\routes.ts
FN:6,(anonymous_1)
FN:31,(anonymous_2)
FN:62,(anonymous_3)
FN:128,(anonymous_4)
FN:161,(anonymous_5)
FN:192,(anonymous_6)
FN:216,(anonymous_7)
FNF:7
FNH:0
FNDA:0,(anonymous_1)
FNDA:0,(anonymous_2)
FNDA:0,(anonymous_3)
FNDA:0,(anonymous_4)
FNDA:0,(anonymous_5)
FNDA:0,(anonymous_6)
FNDA:0,(anonymous_7)
DA:2,0
DA:5,0
DA:7,0
DA:8,0
DA:10,0
DA:14,0
DA:20,0
DA:22,0
DA:23,0
DA:27,0
DA:32,0
DA:33,0
DA:34,0
DA:36,0
DA:37,0
DA:41,0
DA:42,0
DA:45,0
DA:51,0
DA:53,0
DA:54,0
DA:58,0
DA:63,0
DA:65,0
DA:68,0
DA:69,0
DA:73,0
DA:74,0
DA:78,0
DA:79,0
DA:80,0
DA:84,0
DA:85,0
DA:89,0
DA:90,0
DA:91,0
DA:92,0
DA:96,0
DA:97,0
DA:101,0
DA:110,0
DA:116,0
DA:118,0
DA:119,0
DA:124,0
DA:129,0
DA:130,0
DA:131,0
DA:133,0
DA:135,0
DA:136,0
DA:140,0
DA:141,0
DA:144,0
DA:150,0
DA:152,0
DA:153,0
DA:157,0
DA:162,0
DA:163,0
DA:165,0
DA:167,0
DA:168,0
DA:172,0
DA:173,0
DA:176,0
DA:181,0
DA:183,0
DA:184,0
DA:188,0
DA:193,0
DA:194,0
DA:195,0
DA:197,0
DA:199,0
DA:205,0
DA:207,0
DA:208,0
DA:212,0
DA:217,0
DA:218,0
DA:219,0
DA:221,0
DA:222,0
DA:226,0
DA:227,0
DA:230,0
DA:232,0
DA:233,0
DA:237,0
DA:238,0
DA:241,0
DA:247,0
DA:249,0
DA:250,0
DA:254,0
LF:96
LH:0
BRDA:10,0,0,0
BRDA:10,0,1,0
BRDA:36,1,0,0
BRDA:36,1,1,0
BRDA:68,2,0,0
BRDA:68,2,1,0
BRDA:68,3,0,0
BRDA:68,3,1,0
BRDA:79,4,0,0
BRDA:79,4,1,0
BRDA:89,5,0,0
BRDA:89,5,1,0
BRDA:91,6,0,0
BRDA:91,6,1,0
BRDA:107,7,0,0
BRDA:107,7,1,0
BRDA:122,8,0,0
BRDA:122,8,1,0
BRDA:135,9,0,0
BRDA:135,9,1,0
BRDA:167,10,0,0
BRDA:167,10,1,0
BRDA:195,11,0,0
BRDA:195,11,1,0
BRDA:221,12,0,0
BRDA:221,12,1,0
BRDA:232,13,0,0
BRDA:232,13,1,0
BRF:28
BRH:0
end_of_record
TN:
SF:src\controllers\schemas.ts
FN:9,validateJsonSchema
FN:57,(anonymous_2)
FN:79,(anonymous_3)
FN:111,(anonymous_4)
FN:143,(anonymous_5)
FN:205,(anonymous_6)
FN:265,(anonymous_7)
FN:309,(anonymous_8)
FNF:8
FNH:0
FNDA:0,validateJsonSchema
FNDA:0,(anonymous_2)
FNDA:0,(anonymous_3)
FNDA:0,(anonymous_4)
FNDA:0,(anonymous_5)
FNDA:0,(anonymous_6)
FNDA:0,(anonymous_7)
FNDA:0,(anonymous_8)
DA:2,0
DA:3,0
DA:6,0
DA:13,0
DA:15,0
DA:20,0
DA:23,0
DA:26,0
DA:27,0
DA:34,0
DA:35,0
DA:36,0
DA:39,0
DA:42,0
DA:48,0
DA:55,0
DA:58,0
DA:59,0
DA:61,0
DA:67,0
DA:69,0
DA:70,0
DA:74,0
DA:80,0
DA:81,0
DA:82,0
DA:84,0
DA:85,0
DA:89,0
DA:90,0
DA:93,0
DA:99,0
DA:101,0
DA:102,0
DA:106,0
DA:112,0
DA:113,0
DA:114,0
DA:116,0
DA:117,0
DA:121,0
DA:122,0
DA:125,0
DA:131,0
DA:133,0
DA:134,0
DA:138,0
DA:144,0
DA:145,0
DA:147,0
DA:148,0
DA:152,0
DA:153,0
DA:157,0
DA:158,0
DA:159,0
DA:163,0
DA:164,0
DA:167,0
DA:174,0
DA:180,0
DA:182,0
DA:184,0
DA:189,0
DA:193,0
DA:195,0
DA:199,0
DA:206,0
DA:207,0
DA:208,0
DA:210,0
DA:212,0
DA:213,0
DA:214,0
DA:218,0
DA:219,0
DA:223,0
DA:225,0
DA:226,0
DA:230,0
DA:231,0
DA:234,0
DA:240,0
DA:242,0
DA:244,0
DA:249,0
DA:253,0
DA:255,0
DA:259,0
DA:266,0
DA:267,0
DA:270,0
DA:271,0
DA:272,0
DA:277,0
DA:278,0
DA:281,0
DA:283,0
DA:284,0
DA:288,0
DA:289,0
DA:292,0
DA:297,0
DA:299,0
DA:300,0
DA:304,0
DA:310,0
DA:311,0
DA:312,0
DA:314,0
DA:315,0
DA:319,0
DA:320,0
DA:324,0
DA:330,0
DA:332,0
DA:333,0
DA:337,0
LF:118
LH:0
BRDA:15,0,0,0
BRDA:15,0,1,0
BRDA:16,1,0,0
BRDA:16,1,1,0
BRDA:16,1,2,0
BRDA:26,2,0,0
BRDA:26,2,1,0
BRDA:26,3,0,0
BRDA:26,3,1,0
BRDA:26,3,2,0
BRDA:39,4,0,0
BRDA:39,4,1,0
BRDA:84,5,0,0
BRDA:84,5,1,0
BRDA:116,6,0,0
BRDA:116,6,1,0
BRDA:147,7,0,0
BRDA:147,7,1,0
BRDA:147,8,0,0
BRDA:147,8,1,0
BRDA:158,9,0,0
BRDA:158,9,1,0
BRDA:171,10,0,0
BRDA:171,10,1,0
BRDA:184,11,0,0
BRDA:184,11,1,0
BRDA:185,12,0,0
BRDA:185,12,1,0
BRDA:185,12,2,0
BRDA:210,13,0,0
BRDA:210,13,1,0
BRDA:213,14,0,0
BRDA:213,14,1,0
BRDA:225,15,0,0
BRDA:225,15,1,0
BRDA:244,16,0,0
BRDA:244,16,1,0
BRDA:245,17,0,0
BRDA:245,17,1,0
BRDA:245,17,2,0
BRDA:271,18,0,0
BRDA:271,18,1,0
BRDA:283,19,0,0
BRDA:283,19,1,0
BRDA:314,20,0,0
BRDA:314,20,1,0
BRF:46
BRH:0
end_of_record
TN:
SF:src\controllers\search.ts
FN:30,(anonymous_1)
FN:52,(anonymous_2)
FNF:2
FNH:0
FNDA:0,(anonymous_1)
FNDA:0,(anonymous_2)
DA:2,0
DA:29,0
DA:31,0
DA:33,0
DA:34,0
DA:36,0
DA:37,0
DA:41,0
DA:42,0
DA:45,0
DA:46,0
DA:49,0
DA:52,0
DA:53,0
DA:54,0
DA:56,0
DA:58,0
DA:59,0
DA:60,0
DA:61,0
DA:63,0
DA:64,0
DA:65,0
DA:66,0
DA:68,0
DA:69,0
DA:70,0
DA:72,0
DA:73,0
DA:74,0
DA:75,0
DA:78,0
DA:89,0
DA:91,0
DA:102,0
DA:104,0
DA:105,0
DA:109,0
LF:38
LH:0
BRDA:34,0,0,0
BRDA:36,1,0,0
BRDA:36,1,1,0
BRDA:36,2,0,0
BRDA:36,2,1,0
BRDA:36,2,2,0
BRDA:46,3,0,0
BRDA:46,3,1,0
BRDA:56,4,0,0
BRDA:56,4,1,0
BRDA:56,4,2,0
BRDA:56,4,3,0
BRDA:82,5,0,0
BRDA:82,5,1,0
BRF:14
BRH:0
end_of_record
TN:
SF:src\controllers\users.ts
FN:8,(anonymous_1)
FN:16,(anonymous_2)
FN:38,(anonymous_3)
FN:85,(anonymous_4)
FN:159,(anonymous_5)
FN:214,(anonymous_6)
FN:269,(anonymous_7)
FNF:7
FNH:0
FNDA:0,(anonymous_1)
FNDA:0,(anonymous_2)
FNDA:0,(anonymous_3)
FNDA:0,(anonymous_4)
FNDA:0,(anonymous_5)
FNDA:0,(anonymous_6)
FNDA:0,(anonymous_7)
DA:4,0
DA:5,0
DA:7,0
DA:12,0
DA:13,0
DA:16,0
DA:17,0
DA:18,0
DA:21,0
DA:27,0
DA:29,0
DA:30,0
DA:34,0
DA:42,0
DA:43,0
DA:44,0
DA:46,0
DA:47,0
DA:51,0
DA:52,0
DA:55,0
DA:57,0
DA:58,0
DA:62,0
DA:63,0
DA:66,0
DA:68,0
DA:74,0
DA:76,0
DA:77,0
DA:81,0
DA:89,0
DA:90,0
DA:91,0
DA:92,0
DA:94,0
DA:95,0
DA:99,0
DA:100,0
DA:104,0
DA:105,0
DA:106,0
DA:110,0
DA:111,0
DA:115,0
DA:116,0
DA:119,0
DA:120,0
DA:124,0
DA:125,0
DA:129,0
DA:131,0
DA:132,0
DA:136,0
DA:137,0
DA:140,0
DA:142,0
DA:148,0
DA:150,0
DA:151,0
DA:155,0
DA:163,0
DA:164,0
DA:165,0
DA:166,0
DA:168,0
DA:169,0
DA:173,0
DA:174,0
DA:178,0
DA:179,0
DA:183,0
DA:184,0
DA:187,0
DA:189,0
DA:190,0
DA:194,0
DA:195,0
DA:198,0
DA:203,0
DA:205,0
DA:206,0
DA:210,0
DA:218,0
DA:219,0
DA:220,0
DA:221,0
DA:223,0
DA:224,0
DA:228,0
DA:229,0
DA:232,0
DA:233,0
DA:237,0
DA:238,0
DA:241,0
DA:242,0
DA:244,0
DA:245,0
DA:249,0
DA:250,0
DA:253,0
DA:258,0
DA:260,0
DA:261,0
DA:265,0
DA:273,0
DA:274,0
DA:275,0
DA:276,0
DA:278,0
DA:279,0
DA:283,0
DA:284,0
DA:288,0
DA:289,0
DA:293,0
DA:294,0
DA:297,0
DA:298,0
DA:299,0
DA:303,0
DA:304,0
DA:307,0
DA:309,0
DA:310,0
DA:314,0
DA:315,0
DA:318,0
DA:320,0
DA:328,0
DA:330,0
DA:331,0
DA:335,0
LF:134
LH:0
BRDA:46,0,0,0
BRDA:46,0,1,0
BRDA:57,1,0,0
BRDA:57,1,1,0
BRDA:94,2,0,0
BRDA:94,2,1,0
BRDA:105,3,0,0
BRDA:105,3,1,0
BRDA:115,4,0,0
BRDA:115,4,1,0
BRDA:119,5,0,0
BRDA:119,5,1,0
BRDA:119,6,0,0
BRDA:119,6,1,0
BRDA:131,7,0,0
BRDA:131,7,1,0
BRDA:168,8,0,0
BRDA:168,8,1,0
BRDA:178,9,0,0
BRDA:178,9,1,0
BRDA:189,10,0,0
BRDA:189,10,1,0
BRDA:223,11,0,0
BRDA:223,11,1,0
BRDA:232,12,0,0
BRDA:232,12,1,0
BRDA:232,13,0,0
BRDA:232,13,1,0
BRDA:244,14,0,0
BRDA:244,14,1,0
BRDA:278,15,0,0
BRDA:278,15,1,0
BRDA:288,16,0,0
BRDA:288,16,1,0
BRDA:298,17,0,0
BRDA:298,17,1,0
BRDA:309,18,0,0
BRDA:309,18,1,0
BRDA:324,19,0,0
BRDA:324,19,1,0
BRF:40
BRH:0
end_of_record
TN:
SF:src\middleware\auth.ts
FN:15,(anonymous_1)
FN:64,(anonymous_2)
FN:65,(anonymous_3)
FN:96,(anonymous_4)
FN:97,(anonymous_5)
FNF:5
FNH:0
FNDA:0,(anonymous_1)
FNDA:0,(anonymous_2)
FNDA:0,(anonymous_3)
FNDA:0,(anonymous_4)
FNDA:0,(anonymous_5)
DA:2,0
DA:4,0
DA:15,0
DA:20,0
DA:21,0
DA:23,0
DA:24,0
DA:28,0
DA:29,0
DA:32,0
DA:34,0
DA:35,0
DA:39,0
DA:40,0
DA:44,0
DA:45,0
DA:46,0
DA:50,0
DA:51,0
DA:54,0
DA:60,0
DA:64,0
DA:65,0
DA:70,0
DA:71,0
DA:75,0
DA:76,0
DA:79,0
DA:83,0
DA:87,0
DA:88,0
DA:91,0
DA:96,0
DA:97,0
DA:102,0
DA:103,0
DA:107,0
DA:108,0
DA:111,0
DA:112,0
DA:118,0
DA:119,0
DA:122,0
LF:43
LH:0
BRDA:21,0,0,0
BRDA:21,0,1,0
BRDA:23,1,0,0
BRDA:23,1,1,0
BRDA:34,2,0,0
BRDA:34,2,1,0
BRDA:45,3,0,0
BRDA:45,3,1,0
BRDA:45,4,0,0
BRDA:45,4,1,0
BRDA:70,5,0,0
BRDA:70,5,1,0
BRDA:79,6,0,0
BRDA:79,6,1,0
BRDA:80,7,0,0
BRDA:80,7,1,0
BRDA:102,8,0,0
BRDA:102,8,1,0
BRDA:111,9,0,0
BRDA:111,9,1,0
BRF:20
BRH:0
end_of_record
TN:
SF:src\middleware\validation.ts
FN:4,(anonymous_0)
FN:38,(anonymous_1)
FN:57,(anonymous_2)
FN:76,(anonymous_3)
FNF:4
FNH:0
FNDA:0,(anonymous_0)
FNDA:0,(anonymous_1)
FNDA:0,(anonymous_2)
FNDA:0,(anonymous_3)
DA:4,0
DA:9,0
DA:11,0
DA:12,0
DA:16,0
DA:17,0
DA:20,0
DA:21,0
DA:25,0
DA:26,0
DA:30,0
DA:35,0
DA:38,0
DA:43,0
DA:45,0
DA:46,0
DA:50,0
DA:51,0
DA:54,0
DA:57,0
DA:62,0
DA:64,0
DA:65,0
DA:69,0
DA:70,0
DA:73,0
DA:76,0
DA:81,0
DA:83,0
DA:84,0
DA:88,0
DA:89,0
DA:92,0
DA:93,0
DA:97,0
DA:98,0
DA:102,0
DA:103,0
DA:107,0
DA:113,0
LF:40
LH:0
BRDA:11,0,0,0
BRDA:11,0,1,0
BRDA:11,1,0,0
BRDA:11,1,1,0
BRDA:11,1,2,0
BRDA:20,2,0,0
BRDA:20,2,1,0
BRDA:20,3,0,0
BRDA:20,3,1,0
BRDA:45,4,0,0
BRDA:45,4,1,0
BRDA:45,5,0,0
BRDA:45,5,1,0
BRDA:45,5,2,0
BRDA:64,6,0,0
BRDA:64,6,1,0
BRDA:64,7,0,0
BRDA:64,7,1,0
BRDA:83,8,0,0
BRDA:83,8,1,0
BRDA:83,9,0,0
BRDA:83,9,1,0
BRDA:83,9,2,0
BRDA:92,10,0,0
BRDA:92,10,1,0
BRDA:92,11,0,0
BRDA:92,11,1,0
BRDA:92,11,2,0
BRDA:102,12,0,0
BRDA:102,12,1,0
BRF:30
BRH:0
end_of_record
TN:
SF:src\routes\api.ts
FNF:0
FNH:0
DA:1,0
DA:2,0
DA:3,0
DA:4,0
DA:5,0
DA:6,0
DA:7,0
DA:8,0
DA:9,0
DA:10,0
DA:11,0
DA:12,0
DA:14,0
DA:17,0
DA:20,0
DA:23,0
DA:24,0
DA:27,0
DA:28,0
DA:29,0
DA:30,0
DA:31,0
DA:35,0
DA:36,0
DA:37,0
DA:40,0
DA:43,0
DA:44,0
DA:45,0
DA:46,0
DA:49,0
DA:50,0
DA:51,0
DA:52,0
DA:53,0
DA:56,0
DA:57,0
DA:58,0
DA:59,0
DA:60,0
DA:63,0
DA:64,0
DA:65,0
DA:66,0
DA:67,0
DA:70,0
DA:71,0
DA:72,0
DA:75,0
DA:76,0
DA:77,0
DA:80,0
DA:81,0
DA:82,0
DA:86,0
DA:87,0
DA:91,0
DA:96,0
LF:58
LH:0
BRF:0
BRH:0
end_of_record
TN:
SF:src\routes\index.ts
FN:10,(anonymous_1)
FNF:1
FNH:0
FNDA:0,(anonymous_1)
DA:1,0
DA:2,0
DA:4,0
DA:7,0
DA:10,0
DA:11,0
DA:34,0
LF:7
LH:0
BRF:0
BRH:0
end_of_record
TN:
SF:src\services\auth.ts
FN:11,(anonymous_1)
FN:17,(anonymous_2)
FN:25,(anonymous_3)
FN:54,(anonymous_4)
FN:75,(anonymous_5)
FN:112,(anonymous_6)
FN:131,(anonymous_7)
FN:133,(anonymous_8)
FNF:8
FNH:0
FNDA:0,(anonymous_1)
FNDA:0,(anonymous_2)
FNDA:0,(anonymous_3)
FNDA:0,(anonymous_4)
FNDA:0,(anonymous_5)
FNDA:0,(anonymous_6)
FNDA:0,(anonymous_7)
FNDA:0,(anonymous_8)
DA:1,0
DA:2,0
DA:4,0
DA:7,0
DA:8,0
DA:10,0
DA:12,0
DA:18,0
DA:19,0
DA:21,0
DA:29,0
DA:31,0
DA:32,0
DA:35,0
DA:37,0
DA:38,0
DA:41,0
DA:42,0
DA:51,0
DA:59,0
DA:61,0
DA:62,0
DA:65,0
DA:67,0
DA:68,0
DA:71,0
DA:72,0
DA:83,0
DA:84,0
DA:85,0
DA:88,0
DA:91,0
DA:95,0
DA:104,0
DA:105,0
DA:108,0
DA:109,0
DA:113,0
DA:115,0
DA:124,0
DA:127,0
DA:132,0
DA:133,0
DA:134,0
DA:135,0
LF:45
LH:0
BRDA:7,0,0,0
BRDA:7,0,1,0
BRDA:8,1,0,0
BRDA:8,1,1,0
BRDA:31,2,0,0
BRDA:31,2,1,0
BRDA:31,3,0,0
BRDA:31,3,1,0
BRDA:37,4,0,0
BRDA:37,4,1,0
BRDA:61,5,0,0
BRDA:61,5,1,0
BRDA:67,6,0,0
BRDA:67,6,1,0
BRDA:84,7,0,0
BRDA:84,7,1,0
BRDA:92,8,0,0
BRDA:92,8,1,0
BRDA:99,9,0,0
BRDA:99,9,1,0
BRDA:100,10,0,0
BRDA:100,10,1,0
BRDA:104,11,0,0
BRDA:104,11,1,0
BRDA:113,12,0,0
BRDA:113,12,1,0
BRDA:113,12,2,0
BRDA:113,12,3,0
BRF:28
BRH:0
end_of_record
TN:
SF:src\services\database.ts
FN:33,(anonymous_1)
FN:57,(anonymous_2)
FN:66,(anonymous_3)
FN:304,(anonymous_4)
FN:406,(anonymous_5)
FN:441,(anonymous_6)
FN:498,(anonymous_7)
FN:731,(anonymous_8)
FN:748,(anonymous_9)
FN:771,(anonymous_10)
FN:783,(anonymous_11)
FN:801,(anonymous_12)
FN:845,(anonymous_13)
FN:870,(anonymous_14)
FN:913,(anonymous_15)
FN:956,(anonymous_16)
FN:962,(anonymous_17)
FN:968,(anonymous_18)
FN:985,(anonymous_19)
FN:990,(anonymous_20)
FN:998,(anonymous_21)
FN:1009,(anonymous_22)
FN:1020,(anonymous_23)
FN:1039,(anonymous_24)
FN:1082,(anonymous_25)
FN:1088,(anonymous_26)
FN:1095,(anonymous_27)
FN:1104,(anonymous_28)
FN:1119,(anonymous_29)
FN:1134,(anonymous_30)
FN:1139,(anonymous_31)
FN:1147,(anonymous_32)
FN:1167,(anonymous_33)
FN:1214,(anonymous_34)
FN:1220,(anonymous_35)
FN:1227,(anonymous_36)
FN:1249,(anonymous_37)
FN:1255,(anonymous_38)
FN:1261,(anonymous_39)
FN:1277,(anonymous_40)
FN:1284,(anonymous_41)
FN:1289,(anonymous_42)
FN:1297,(anonymous_43)
FN:1313,(anonymous_44)
FN:1318,(anonymous_45)
FN:1326,(anonymous_46)
FN:1337,(anonymous_47)
FN:1348,(anonymous_48)
FN:1365,(anonymous_49)
FN:1405,(anonymous_50)
FN:1411,(anonymous_51)
FN:1422,(anonymous_52)
FN:1431,(anonymous_53)
FN:1443,(anonymous_54)
FN:1456,(anonymous_55)
FN:1463,(anonymous_56)
FN:1481,(anonymous_57)
FN:1484,(anonymous_58)
FN:1501,(anonymous_59)
FN:1524,(anonymous_60)
FN:1536,(anonymous_61)
FN:1544,(anonymous_62)
FN:1557,(anonymous_63)
FN:1581,(anonymous_64)
FN:1602,(anonymous_65)
FN:1624,(anonymous_66)
FN:1645,(anonymous_67)
FN:1658,(anonymous_68)
FN:1666,(anonymous_69)
FN:1671,(anonymous_70)
FN:1678,(anonymous_71)
FN:1694,(anonymous_72)
FN:1710,(anonymous_73)
FN:1728,(anonymous_74)
FN:1780,(anonymous_75)
FN:1787,(anonymous_76)
FN:1807,(anonymous_77)
FN:1825,(anonymous_78)
FN:1860,(anonymous_79)
FN:1870,(anonymous_80)
FN:1917,(anonymous_81)
FN:1943,(anonymous_82)
FN:1950,(anonymous_83)
FN:1970,(anonymous_84)
FN:1992,(anonymous_85)
FN:1999,(anonymous_86)
FN:2004,(anonymous_87)
FN:2011,(anonymous_88)
FN:2025,(anonymous_89)
FN:2052,(anonymous_90)
FN:2099,(anonymous_91)
FN:2105,(anonymous_92)
FN:2110,(anonymous_93)
FN:2118,(anonymous_94)
FN:2149,(anonymous_95)
FN:2203,(anonymous_96)
FN:2218,(anonymous_97)
FN:2224,(anonymous_98)
FN:2264,(anonymous_99)
FN:2269,(anonymous_100)
FN:2275,(anonymous_101)
FN:2300,(anonymous_102)
FN:2346,(anonymous_103)
FN:2359,(anonymous_104)
FN:2366,(anonymous_105)
FN:2430,(anonymous_106)
FN:2475,(anonymous_107)
FN:2490,(anonymous_108)
FN:2527,(anonymous_109)
FN:2528,(anonymous_110)
FN:2549,(anonymous_111)
FN:2610,(anonymous_112)
FN:2635,(anonymous_113)
FN:2653,(anonymous_114)
FN:2664,(anonymous_115)
FN:2678,(anonymous_116)
FN:2691,(anonymous_117)
FN:2704,(anonymous_118)
FN:2718,(anonymous_119)
FN:2731,(anonymous_120)
FNF:120
FNH:0
FNDA:0,(anonymous_1)
FNDA:0,(anonymous_2)
FNDA:0,(anonymous_3)
FNDA:0,(anonymous_4)
FNDA:0,(anonymous_5)
FNDA:0,(anonymous_6)
FNDA:0,(anonymous_7)
FNDA:0,(anonymous_8)
FNDA:0,(anonymous_9)
FNDA:0,(anonymous_10)
FNDA:0,(anonymous_11)
FNDA:0,(anonymous_12)
FNDA:0,(anonymous_13)
FNDA:0,(anonymous_14)
FNDA:0,(anonymous_15)
FNDA:0,(anonymous_16)
FNDA:0,(anonymous_17)
FNDA:0,(anonymous_18)
FNDA:0,(anonymous_19)
FNDA:0,(anonymous_20)
FNDA:0,(anonymous_21)
FNDA:0,(anonymous_22)
FNDA:0,(anonymous_23)
FNDA:0,(anonymous_24)
FNDA:0,(anonymous_25)
FNDA:0,(anonymous_26)
FNDA:0,(anonymous_27)
FNDA:0,(anonymous_28)
FNDA:0,(anonymous_29)
FNDA:0,(anonymous_30)
FNDA:0,(anonymous_31)
FNDA:0,(anonymous_32)
FNDA:0,(anonymous_33)
FNDA:0,(anonymous_34)
FNDA:0,(anonymous_35)
FNDA:0,(anonymous_36)
FNDA:0,(anonymous_37)
FNDA:0,(anonymous_38)
FNDA:0,(anonymous_39)
FNDA:0,(anonymous_40)
FNDA:0,(anonymous_41)
FNDA:0,(anonymous_42)
FNDA:0,(anonymous_43)
FNDA:0,(anonymous_44)
FNDA:0,(anonymous_45)
FNDA:0,(anonymous_46)
FNDA:0,(anonymous_47)
FNDA:0,(anonymous_48)
FNDA:0,(anonymous_49)
FNDA:0,(anonymous_50)
FNDA:0,(anonymous_51)
FNDA:0,(anonymous_52)
FNDA:0,(anonymous_53)
FNDA:0,(anonymous_54)
FNDA:0,(anonymous_55)
FNDA:0,(anonymous_56)
FNDA:0,(anonymous_57)
FNDA:0,(anonymous_58)
FNDA:0,(anonymous_59)
FNDA:0,(anonymous_60)
FNDA:0,(anonymous_61)
FNDA:0,(anonymous_62)
FNDA:0,(anonymous_63)
FNDA:0,(anonymous_64)
FNDA:0,(anonymous_65)
FNDA:0,(anonymous_66)
FNDA:0,(anonymous_67)
FNDA:0,(anonymous_68)
FNDA:0,(anonymous_69)
FNDA:0,(anonymous_70)
FNDA:0,(anonymous_71)
FNDA:0,(anonymous_72)
FNDA:0,(anonymous_73)
FNDA:0,(anonymous_74)
FNDA:0,(anonymous_75)
FNDA:0,(anonymous_76)
FNDA:0,(anonymous_77)
FNDA:0,(anonymous_78)
FNDA:0,(anonymous_79)
FNDA:0,(anonymous_80)
FNDA:0,(anonymous_81)
FNDA:0,(anonymous_82)
FNDA:0,(anonymous_83)
FNDA:0,(anonymous_84)
FNDA:0,(anonymous_85)
FNDA:0,(anonymous_86)
FNDA:0,(anonymous_87)
FNDA:0,(anonymous_88)
FNDA:0,(anonymous_89)
FNDA:0,(anonymous_90)
FNDA:0,(anonymous_91)
FNDA:0,(anonymous_92)
FNDA:0,(anonymous_93)
FNDA:0,(anonymous_94)
FNDA:0,(anonymous_95)
FNDA:0,(anonymous_96)
FNDA:0,(anonymous_97)
FNDA:0,(anonymous_98)
FNDA:0,(anonymous_99)
FNDA:0,(anonymous_100)
FNDA:0,(anonymous_101)
FNDA:0,(anonymous_102)
FNDA:0,(anonymous_103)
FNDA:0,(anonymous_104)
FNDA:0,(anonymous_105)
FNDA:0,(anonymous_106)
FNDA:0,(anonymous_107)
FNDA:0,(anonymous_108)
FNDA:0,(anonymous_109)
FNDA:0,(anonymous_110)
FNDA:0,(anonymous_111)
FNDA:0,(anonymous_112)
FNDA:0,(anonymous_113)
FNDA:0,(anonymous_114)
FNDA:0,(anonymous_115)
FNDA:0,(anonymous_116)
FNDA:0,(anonymous_117)
FNDA:0,(anonymous_118)
FNDA:0,(anonymous_119)
FNDA:0,(anonymous_120)
DA:1,0
DA:2,0
DA:3,0
DA:36,0
DA:38,0
DA:39,0
DA:40,0
DA:46,0
DA:47,0
DA:48,0
DA:54,0
DA:58,0
DA:59,0
DA:60,0
DA:61,0
DA:62,0
DA:63,0
DA:68,0
DA:79,0
DA:93,0
DA:109,0
DA:126,0
DA:139,0
DA:155,0
DA:171,0
DA:191,0
DA:206,0
DA:220,0
DA:237,0
DA:253,0
DA:272,0
DA:286,0
DA:304,0
DA:310,0
DA:311,0
DA:312,0
DA:321,0
DA:322,0
DA:338,0
DA:344,0
DA:345,0
DA:348,0
DA:352,0
DA:353,0
DA:354,0
DA:355,0
DA:358,0
DA:359,0
DA:360,0
DA:361,0
DA:362,0
DA:365,0
DA:366,0
DA:367,0
DA:368,0
DA:369,0
DA:372,0
DA:375,0
DA:383,0
DA:392,0
DA:395,0
DA:398,0
DA:401,0
DA:408,0
DA:412,0
DA:413,0
DA:438,0
DA:441,0
DA:442,0
DA:447,0
DA:451,0
DA:452,0
DA:453,0
DA:455,0
DA:456,0
DA:458,0
DA:476,0
DA:482,0
DA:486,0
DA:487,0
DA:495,0
DA:499,0
DA:503,0
DA:504,0
DA:727,0
DA:731,0
DA:732,0
DA:743,0
DA:750,0
DA:751,0
DA:752,0
DA:754,0
DA:755,0
DA:756,0
DA:758,0
DA:759,0
DA:760,0
DA:763,0
DA:764,0
DA:766,0
DA:768,0
DA:771,0
DA:772,0
DA:773,0
DA:774,0
DA:776,0
DA:777,0
DA:779,0
DA:784,0
DA:790,0
DA:792,0
DA:793,0
DA:795,0
DA:796,0
DA:798,0
DA:803,0
DA:813,0
DA:814,0
DA:825,0
DA:826,0
DA:836,0
DA:837,0
DA:839,0
DA:840,0
DA:842,0
DA:848,0
DA:849,0
DA:850,0
DA:853,0
DA:854,0
DA:857,0
DA:867,0
DA:874,0
DA:875,0
DA:877,0
DA:878,0
DA:880,0
DA:881,0
DA:882,0
DA:884,0
DA:885,0
DA:886,0
DA:888,0
DA:889,0
DA:890,0
DA:892,0
DA:893,0
DA:894,0
DA:897,0
DA:899,0
DA:900,0
DA:902,0
DA:905,0
DA:907,0
DA:908,0
DA:910,0
DA:917,0
DA:918,0
DA:920,0
DA:921,0
DA:923,0
DA:924,0
DA:925,0
DA:927,0
DA:928,0
DA:929,0
DA:931,0
DA:932,0
DA:933,0
DA:935,0
DA:936,0
DA:937,0
DA:940,0
DA:942,0
DA:943,0
DA:945,0
DA:948,0
DA:950,0
DA:951,0
DA:953,0
DA:957,0
DA:958,0
DA:959,0
DA:963,0
DA:964,0
DA:965,0
DA:969,0
DA:975,0
DA:976,0
DA:978,0
DA:979,0
DA:981,0
DA:986,0
DA:990,0
DA:991,0
DA:992,0
DA:994,0
DA:999,0
DA:1003,0
DA:1004,0
DA:1006,0
DA:1010,0
DA:1014,0
DA:1015,0
DA:1017,0
DA:1023,0
DA:1024,0
DA:1027,0
DA:1036,0
DA:1043,0
DA:1044,0
DA:1046,0
DA:1047,0
DA:1049,0
DA:1050,0
DA:1051,0
DA:1053,0
DA:1054,0
DA:1055,0
DA:1057,0
DA:1058,0
DA:1059,0
DA:1061,0
DA:1062,0
DA:1063,0
DA:1066,0
DA:1068,0
DA:1069,0
DA:1071,0
DA:1074,0
DA:1076,0
DA:1077,0
DA:1079,0
DA:1083,0
DA:1084,0
DA:1085,0
DA:1089,0
DA:1093,0
DA:1095,0
DA:1096,0
DA:1097,0
DA:1099,0
DA:1105,0
DA:1109,0
DA:1114,0
DA:1116,0
DA:1120,0
DA:1124,0
DA:1129,0
DA:1131,0
DA:1135,0
DA:1139,0
DA:1140,0
DA:1141,0
DA:1143,0
DA:1148,0
DA:1149,0
DA:1152,0
DA:1160,0
DA:1163,0
DA:1168,0
DA:1169,0
DA:1171,0
DA:1172,0
DA:1174,0
DA:1175,0
DA:1176,0
DA:1178,0
DA:1179,0
DA:1180,0
DA:1182,0
DA:1183,0
DA:1184,0
DA:1186,0
DA:1187,0
DA:1188,0
DA:1190,0
DA:1191,0
DA:1192,0
DA:1194,0
DA:1195,0
DA:1196,0
DA:1199,0
DA:1201,0
DA:1203,0
DA:1206,0
DA:1208,0
DA:1209,0
DA:1211,0
DA:1215,0
DA:1216,0
DA:1217,0
DA:1221,0
DA:1222,0
DA:1223,0
DA:1228,0
DA:1229,0
DA:1230,0
DA:1232,0
DA:1233,0
DA:1234,0
DA:1236,0
DA:1237,0
DA:1238,0
DA:1241,0
DA:1242,0
DA:1244,0
DA:1246,0
DA:1250,0
DA:1256,0
DA:1262,0
DA:1265,0
DA:1274,0
DA:1278,0
DA:1279,0
DA:1280,0
DA:1285,0
DA:1289,0
DA:1290,0
DA:1291,0
DA:1293,0
DA:1298,0
DA:1302,0
DA:1307,0
DA:1309,0
DA:1314,0
DA:1318,0
DA:1319,0
DA:1320,0
DA:1322,0
DA:1327,0
DA:1331,0
DA:1332,0
DA:1334,0
DA:1338,0
DA:1342,0
DA:1343,0
DA:1345,0
DA:1351,0
DA:1352,0
DA:1355,0
DA:1362,0
DA:1369,0
DA:1370,0
DA:1372,0
DA:1373,0
DA:1375,0
DA:1376,0
DA:1377,0
DA:1379,0
DA:1380,0
DA:1381,0
DA:1383,0
DA:1384,0
DA:1385,0
DA:1387,0
DA:1388,0
DA:1389,0
DA:1392,0
DA:1394,0
DA:1395,0
DA:1397,0
DA:1400,0
DA:1402,0
DA:1406,0
DA:1407,0
DA:1408,0
DA:1412,0
DA:1419,0
DA:1423,0
DA:1431,0
DA:1432,0
DA:1434,0
DA:1438,0
DA:1439,0
DA:1443,0
DA:1444,0
DA:1445,0
DA:1448,0
DA:1451,0
DA:1457,0
DA:1474,0
DA:1476,0
DA:1481,0
DA:1484,0
DA:1485,0
DA:1488,0
DA:1490,0
DA:1501,0
DA:1509,0
DA:1516,0
DA:1517,0
DA:1526,0
DA:1530,0
DA:1541,0
DA:1544,0
DA:1547,0
DA:1551,0
DA:1558,0
DA:1560,0
DA:1561,0
DA:1564,0
DA:1565,0
DA:1569,0
DA:1570,0
DA:1572,0
DA:1574,0
DA:1582,0
DA:1583,0
DA:1584,0
DA:1587,0
DA:1588,0
DA:1589,0
DA:1592,0
DA:1594,0
DA:1595,0
DA:1603,0
DA:1605,0
DA:1606,0
DA:1609,0
DA:1612,0
DA:1613,0
DA:1614,0
DA:1616,0
DA:1618,0
DA:1619,0
DA:1631,0
DA:1642,0
DA:1652,0
DA:1655,0
DA:1659,0
DA:1662,0
DA:1667,0
DA:1671,0
DA:1679,0
DA:1685,0
DA:1687,0
DA:1695,0
DA:1701,0
DA:1703,0
DA:1713,0
DA:1716,0
DA:1725,0
DA:1732,0
DA:1733,0
DA:1735,0
DA:1736,0
DA:1738,0
DA:1739,0
DA:1740,0
DA:1742,0
DA:1743,0
DA:1744,0
DA:1746,0
DA:1747,0
DA:1748,0
DA:1750,0
DA:1751,0
DA:1752,0
DA:1754,0
DA:1755,0
DA:1756,0
DA:1758,0
DA:1759,0
DA:1760,0
DA:1762,0
DA:1763,0
DA:1764,0
DA:1767,0
DA:1769,0
DA:1770,0
DA:1772,0
DA:1775,0
DA:1777,0
DA:1781,0
DA:1782,0
DA:1783,0
DA:1788,0
DA:1791,0
DA:1804,0
DA:1808,0
DA:1814,0
DA:1816,0
DA:1835,0
DA:1836,0
DA:1837,0
DA:1838,0
DA:1839,0
DA:1841,0
DA:1842,0
DA:1843,0
DA:1844,0
DA:1845,0
DA:1848,0
DA:1849,0
DA:1851,0
DA:1855,0
DA:1859,0
DA:1860,0
DA:1881,0
DA:1882,0
DA:1884,0
DA:1885,0
DA:1886,0
DA:1888,0
DA:1889,0
DA:1890,0
DA:1893,0
DA:1894,0
DA:1895,0
DA:1898,0
DA:1901,0
DA:1903,0
DA:1908,0
DA:1917,0
DA:1918,0
DA:1919,0
DA:1922,0
DA:1923,0
DA:1925,0
DA:1926,0
DA:1928,0
DA:1929,0
DA:1931,0
DA:1932,0
DA:1934,0
DA:1935,0
DA:1939,0
DA:1944,0
DA:1947,0
DA:1956,0
DA:1959,0
DA:1967,0
DA:1974,0
DA:1980,0
DA:1992,0
DA:2000,0
DA:2004,0
DA:2012,0
DA:2016,0
DA:2018,0
DA:2026,0
DA:2027,0
DA:2030,0
DA:2041,0
DA:2045,0
DA:2053,0
DA:2054,0
DA:2056,0
DA:2057,0
DA:2058,0
DA:2060,0
DA:2061,0
DA:2062,0
DA:2064,0
DA:2065,0
DA:2066,0
DA:2068,0
DA:2069,0
DA:2070,0
DA:2072,0
DA:2073,0
DA:2074,0
DA:2076,0
DA:2077,0
DA:2078,0
DA:2080,0
DA:2081,0
DA:2082,0
DA:2085,0
DA:2087,0
DA:2088,0
DA:2091,0
DA:2093,0
DA:2094,0
DA:2096,0
DA:2100,0
DA:2101,0
DA:2102,0
DA:2106,0
DA:2110,0
DA:2119,0
DA:2120,0
DA:2123,0
DA:2137,0
DA:2141,0
DA:2153,0
DA:2154,0
DA:2156,0
DA:2157,0
DA:2158,0
DA:2160,0
DA:2161,0
DA:2162,0
DA:2164,0
DA:2165,0
DA:2166,0
DA:2168,0
DA:2169,0
DA:2170,0
DA:2172,0
DA:2173,0
DA:2174,0
DA:2176,0
DA:2177,0
DA:2178,0
DA:2180,0
DA:2181,0
DA:2182,0
DA:2184,0
DA:2185,0
DA:2186,0
DA:2189,0
DA:2191,0
DA:2192,0
DA:2195,0
DA:2197,0
DA:2198,0
DA:2200,0
DA:2204,0
DA:2208,0
DA:2210,0
DA:2219,0
DA:2220,0
DA:2221,0
DA:2226,0
DA:2231,0
DA:2234,0
DA:2241,0
DA:2246,0
DA:2252,0
DA:2265,0
DA:2269,0
DA:2276,0
DA:2277,0
DA:2280,0
DA:2290,0
DA:2294,0
DA:2304,0
DA:2305,0
DA:2307,0
DA:2308,0
DA:2309,0
DA:2311,0
DA:2312,0
DA:2313,0
DA:2315,0
DA:2316,0
DA:2317,0
DA:2319,0
DA:2320,0
DA:2321,0
DA:2323,0
DA:2324,0
DA:2325,0
DA:2327,0
DA:2328,0
DA:2329,0
DA:2332,0
DA:2334,0
DA:2335,0
DA:2338,0
DA:2340,0
DA:2341,0
DA:2343,0
DA:2347,0
DA:2351,0
DA:2353,0
DA:2360,0
DA:2361,0
DA:2362,0
DA:2368,0
DA:2372,0
DA:2374,0
DA:2375,0
DA:2391,0
DA:2395,0
DA:2396,0
DA:2426,0
DA:2430,0
DA:2431,0
DA:2432,0
DA:2449,0
DA:2453,0
DA:2454,0
DA:2471,0
DA:2475,0
DA:2476,0
DA:2477,0
DA:2491,0
DA:2493,0
DA:2497,0
DA:2499,0
DA:2505,0
DA:2506,0
DA:2527,0
DA:2528,0
DA:2529,0
DA:2538,0
DA:2542,0
DA:2550,0
DA:2551,0
DA:2552,0
DA:2555,0
DA:2561,0
DA:2564,0
DA:2567,0
DA:2573,0
DA:2576,0
DA:2579,0
DA:2585,0
DA:2588,0
DA:2591,0
DA:2597,0
DA:2600,0
DA:2602,0
DA:2604,0
DA:2605,0
DA:2617,0
DA:2618,0
DA:2621,0
DA:2628,0
DA:2630,0
DA:2631,0
DA:2640,0
DA:2641,0
DA:2642,0
DA:2644,0
DA:2645,0
DA:2648,0
DA:2649,0
DA:2651,0
DA:2653,0
DA:2659,0
DA:2660,0
DA:2665,0
DA:2666,0
DA:2671,0
DA:2673,0
DA:2674,0
DA:2679,0
DA:2680,0
DA:2683,0
DA:2684,0
DA:2686,0
DA:2687,0
DA:2692,0
DA:2693,0
DA:2696,0
DA:2697,0
DA:2699,0
DA:2700,0
DA:2705,0
DA:2706,0
DA:2709,0
DA:2710,0
DA:2712,0
DA:2713,0
DA:2724,0
DA:2726,0
DA:2731,0
DA:2732,0
DA:2741,0
DA:2746,0
LF:764
LH:0
BRDA:38,0,0,0
BRDA:38,0,1,0
BRDA:38,1,0,0
BRDA:38,1,1,0
BRDA:46,2,0,0
BRDA:46,2,1,0
BRDA:46,3,0,0
BRDA:46,3,1,0
BRDA:311,4,0,0
BRDA:311,4,1,0
BRDA:412,5,0,0
BRDA:412,5,1,0
BRDA:451,6,0,0
BRDA:451,6,1,0
BRDA:452,7,0,0
BRDA:452,7,1,0
BRDA:453,8,0,0
BRDA:453,8,1,0
BRDA:486,9,0,0
BRDA:486,9,1,0
BRDA:503,10,0,0
BRDA:503,10,1,0
BRDA:754,11,0,0
BRDA:754,11,1,0
BRDA:758,12,0,0
BRDA:758,12,1,0
BRDA:763,13,0,0
BRDA:763,13,1,0
BRDA:773,14,0,0
BRDA:773,14,1,0
BRDA:776,15,0,0
BRDA:776,15,1,0
BRDA:790,16,0,0
BRDA:790,16,1,0
BRDA:792,17,0,0
BRDA:792,17,1,0
BRDA:792,18,0,0
BRDA:792,18,1,0
BRDA:795,19,0,0
BRDA:795,19,1,0
BRDA:795,20,0,0
BRDA:795,20,1,0
BRDA:813,21,0,0
BRDA:813,21,1,0
BRDA:813,22,0,0
BRDA:813,22,1,0
BRDA:825,23,0,0
BRDA:825,23,1,0
BRDA:825,24,0,0
BRDA:825,24,1,0
BRDA:836,25,0,0
BRDA:836,25,1,0
BRDA:836,26,0,0
BRDA:836,26,1,0
BRDA:836,26,2,0
BRDA:839,27,0,0
BRDA:839,27,1,0
BRDA:839,28,0,0
BRDA:839,28,1,0
BRDA:839,28,2,0
BRDA:849,29,0,0
BRDA:849,29,1,0
BRDA:861,30,0,0
BRDA:861,30,1,0
BRDA:862,31,0,0
BRDA:862,31,1,0
BRDA:875,32,0,0
BRDA:875,32,1,0
BRDA:880,33,0,0
BRDA:880,33,1,0
BRDA:884,34,0,0
BRDA:884,34,1,0
BRDA:888,35,0,0
BRDA:888,35,1,0
BRDA:890,36,0,0
BRDA:890,36,1,0
BRDA:892,37,0,0
BRDA:892,37,1,0
BRDA:897,38,0,0
BRDA:897,38,1,0
BRDA:907,39,0,0
BRDA:907,39,1,0
BRDA:918,40,0,0
BRDA:918,40,1,0
BRDA:923,41,0,0
BRDA:923,41,1,0
BRDA:927,42,0,0
BRDA:927,42,1,0
BRDA:931,43,0,0
BRDA:931,43,1,0
BRDA:933,44,0,0
BRDA:933,44,1,0
BRDA:935,45,0,0
BRDA:935,45,1,0
BRDA:940,46,0,0
BRDA:940,46,1,0
BRDA:950,47,0,0
BRDA:950,47,1,0
BRDA:975,48,0,0
BRDA:975,48,1,0
BRDA:975,49,0,0
BRDA:975,49,1,0
BRDA:975,49,2,0
BRDA:978,50,0,0
BRDA:978,50,1,0
BRDA:978,51,0,0
BRDA:978,51,1,0
BRDA:978,51,2,0
BRDA:991,52,0,0
BRDA:991,52,1,0
BRDA:991,53,0,0
BRDA:991,53,1,0
BRDA:1003,54,0,0
BRDA:1003,54,1,0
BRDA:1003,55,0,0
BRDA:1003,55,1,0
BRDA:1003,55,2,0
BRDA:1014,56,0,0
BRDA:1014,56,1,0
BRDA:1014,57,0,0
BRDA:1014,57,1,0
BRDA:1014,57,2,0
BRDA:1031,58,0,0
BRDA:1031,58,1,0
BRDA:1032,59,0,0
BRDA:1032,59,1,0
BRDA:1033,60,0,0
BRDA:1033,60,1,0
BRDA:1034,61,0,0
BRDA:1034,61,1,0
BRDA:1044,62,0,0
BRDA:1044,62,1,0
BRDA:1049,63,0,0
BRDA:1049,63,1,0
BRDA:1053,64,0,0
BRDA:1053,64,1,0
BRDA:1057,65,0,0
BRDA:1057,65,1,0
BRDA:1059,66,0,0
BRDA:1059,66,1,0
BRDA:1061,67,0,0
BRDA:1061,67,1,0
BRDA:1066,68,0,0
BRDA:1066,68,1,0
BRDA:1076,69,0,0
BRDA:1076,69,1,0
BRDA:1089,70,0,0
BRDA:1089,70,1,0
BRDA:1096,71,0,0
BRDA:1096,71,1,0
BRDA:1096,72,0,0
BRDA:1096,72,1,0
BRDA:1109,73,0,0
BRDA:1109,73,1,0
BRDA:1110,74,0,0
BRDA:1110,74,1,0
BRDA:1110,74,2,0
BRDA:1124,75,0,0
BRDA:1124,75,1,0
BRDA:1125,76,0,0
BRDA:1125,76,1,0
BRDA:1125,76,2,0
BRDA:1140,77,0,0
BRDA:1140,77,1,0
BRDA:1140,78,0,0
BRDA:1140,78,1,0
BRDA:1155,79,0,0
BRDA:1155,79,1,0
BRDA:1158,80,0,0
BRDA:1158,80,1,0
BRDA:1169,81,0,0
BRDA:1169,81,1,0
BRDA:1174,82,0,0
BRDA:1174,82,1,0
BRDA:1178,83,0,0
BRDA:1178,83,1,0
BRDA:1182,84,0,0
BRDA:1182,84,1,0
BRDA:1186,85,0,0
BRDA:1186,85,1,0
BRDA:1190,86,0,0
BRDA:1190,86,1,0
BRDA:1194,87,0,0
BRDA:1194,87,1,0
BRDA:1196,88,0,0
BRDA:1196,88,1,0
BRDA:1199,89,0,0
BRDA:1199,89,1,0
BRDA:1208,90,0,0
BRDA:1208,90,1,0
BRDA:1232,91,0,0
BRDA:1232,91,1,0
BRDA:1236,92,0,0
BRDA:1236,92,1,0
BRDA:1241,93,0,0
BRDA:1241,93,1,0
BRDA:1272,94,0,0
BRDA:1272,94,1,0
BRDA:1290,95,0,0
BRDA:1290,95,1,0
BRDA:1290,96,0,0
BRDA:1290,96,1,0
BRDA:1302,97,0,0
BRDA:1302,97,1,0
BRDA:1303,98,0,0
BRDA:1303,98,1,0
BRDA:1303,98,2,0
BRDA:1319,99,0,0
BRDA:1319,99,1,0
BRDA:1331,100,0,0
BRDA:1331,100,1,0
BRDA:1331,101,0,0
BRDA:1331,101,1,0
BRDA:1331,101,2,0
BRDA:1342,102,0,0
BRDA:1342,102,1,0
BRDA:1342,103,0,0
BRDA:1342,103,1,0
BRDA:1342,103,2,0
BRDA:1358,104,0,0
BRDA:1358,104,1,0
BRDA:1360,105,0,0
BRDA:1360,105,1,0
BRDA:1370,106,0,0
BRDA:1370,106,1,0
BRDA:1375,107,0,0
BRDA:1375,107,1,0
BRDA:1379,108,0,0
BRDA:1379,108,1,0
BRDA:1383,109,0,0
BRDA:1383,109,1,0
BRDA:1387,110,0,0
BRDA:1387,110,1,0
BRDA:1392,111,0,0
BRDA:1392,111,1,0
BRDA:1438,112,0,0
BRDA:1438,112,1,0
BRDA:1505,113,0,0
BRDA:1505,113,1,0
BRDA:1538,114,0,0
BRDA:1564,115,0,0
BRDA:1564,115,1,0
BRDA:1564,116,0,0
BRDA:1564,116,1,0
BRDA:1649,117,0,0
BRDA:1650,118,0,0
BRDA:1655,119,0,0
BRDA:1655,119,1,0
BRDA:1655,120,0,0
BRDA:1655,120,1,0
BRDA:1662,121,0,0
BRDA:1662,121,1,0
BRDA:1673,122,0,0
BRDA:1673,122,1,0
BRDA:1685,123,0,0
BRDA:1685,123,1,0
BRDA:1689,124,0,0
BRDA:1689,124,1,0
BRDA:1701,125,0,0
BRDA:1701,125,1,0
BRDA:1705,126,0,0
BRDA:1705,126,1,0
BRDA:1720,127,0,0
BRDA:1720,127,1,0
BRDA:1721,128,0,0
BRDA:1721,128,1,0
BRDA:1722,129,0,0
BRDA:1722,129,1,0
BRDA:1723,130,0,0
BRDA:1723,130,1,0
BRDA:1733,131,0,0
BRDA:1733,131,1,0
BRDA:1738,132,0,0
BRDA:1738,132,1,0
BRDA:1742,133,0,0
BRDA:1742,133,1,0
BRDA:1746,134,0,0
BRDA:1746,134,1,0
BRDA:1750,135,0,0
BRDA:1750,135,1,0
BRDA:1754,136,0,0
BRDA:1754,136,1,0
BRDA:1758,137,0,0
BRDA:1758,137,1,0
BRDA:1762,138,0,0
BRDA:1762,138,1,0
BRDA:1764,139,0,0
BRDA:1764,139,1,0
BRDA:1767,140,0,0
BRDA:1767,140,1,0
BRDA:1792,141,0,0
BRDA:1792,141,1,0
BRDA:1797,142,0,0
BRDA:1797,142,1,0
BRDA:1798,143,0,0
BRDA:1798,143,1,0
BRDA:1799,144,0,0
BRDA:1799,144,1,0
BRDA:1800,145,0,0
BRDA:1800,145,1,0
BRDA:1801,146,0,0
BRDA:1801,146,1,0
BRDA:1802,147,0,0
BRDA:1802,147,1,0
BRDA:1814,148,0,0
BRDA:1814,148,1,0
BRDA:1818,149,0,0
BRDA:1818,149,1,0
BRDA:1826,150,0,0
BRDA:1827,151,0,0
BRDA:1841,152,0,0
BRDA:1841,152,1,0
BRDA:1862,153,0,0
BRDA:1862,153,1,0
BRDA:1884,154,0,0
BRDA:1884,154,1,0
BRDA:1884,155,0,0
BRDA:1884,155,1,0
BRDA:1888,156,0,0
BRDA:1888,156,1,0
BRDA:1893,157,0,0
BRDA:1893,157,1,0
BRDA:1919,158,0,0
BRDA:1919,158,1,0
BRDA:1919,158,2,0
BRDA:1919,158,3,0
BRDA:1919,158,4,0
BRDA:1919,158,5,0
BRDA:1947,159,0,0
BRDA:1947,159,1,0
BRDA:1961,160,0,0
BRDA:1961,160,1,0
BRDA:1962,161,0,0
BRDA:1962,161,1,0
BRDA:1963,162,0,0
BRDA:1963,162,1,0
BRDA:1964,163,0,0
BRDA:1964,163,1,0
BRDA:1965,164,0,0
BRDA:1965,164,1,0
BRDA:1974,165,0,0
BRDA:1974,165,1,0
BRDA:1976,166,0,0
BRDA:1976,166,1,0
BRDA:1994,167,0,0
BRDA:1994,167,1,0
BRDA:2006,168,0,0
BRDA:2006,168,1,0
BRDA:2016,169,0,0
BRDA:2016,169,1,0
BRDA:2020,170,0,0
BRDA:2020,170,1,0
BRDA:2035,171,0,0
BRDA:2035,171,1,0
BRDA:2036,172,0,0
BRDA:2036,172,1,0
BRDA:2037,173,0,0
BRDA:2037,173,1,0
BRDA:2047,174,0,0
BRDA:2047,174,1,0
BRDA:2056,175,0,0
BRDA:2056,175,1,0
BRDA:2060,176,0,0
BRDA:2060,176,1,0
BRDA:2064,177,0,0
BRDA:2064,177,1,0
BRDA:2068,178,0,0
BRDA:2068,178,1,0
BRDA:2070,179,0,0
BRDA:2070,179,1,0
BRDA:2072,180,0,0
BRDA:2072,180,1,0
BRDA:2076,181,0,0
BRDA:2076,181,1,0
BRDA:2080,182,0,0
BRDA:2080,182,1,0
BRDA:2085,183,0,0
BRDA:2085,183,1,0
BRDA:2093,184,0,0
BRDA:2093,184,1,0
BRDA:2113,185,0,0
BRDA:2113,185,1,0
BRDA:2128,186,0,0
BRDA:2128,186,1,0
BRDA:2129,187,0,0
BRDA:2129,187,1,0
BRDA:2130,188,0,0
BRDA:2130,188,1,0
BRDA:2131,189,0,0
BRDA:2131,189,1,0
BRDA:2132,190,0,0
BRDA:2132,190,1,0
BRDA:2133,191,0,0
BRDA:2133,191,1,0
BRDA:2134,192,0,0
BRDA:2134,192,1,0
BRDA:2144,193,0,0
BRDA:2144,193,1,0
BRDA:2156,194,0,0
BRDA:2156,194,1,0
BRDA:2160,195,0,0
BRDA:2160,195,1,0
BRDA:2164,196,0,0
BRDA:2164,196,1,0
BRDA:2168,197,0,0
BRDA:2168,197,1,0
BRDA:2172,198,0,0
BRDA:2172,198,1,0
BRDA:2174,199,0,0
BRDA:2174,199,1,0
BRDA:2176,200,0,0
BRDA:2176,200,1,0
BRDA:2180,201,0,0
BRDA:2180,201,1,0
BRDA:2184,202,0,0
BRDA:2184,202,1,0
BRDA:2186,203,0,0
BRDA:2186,203,1,0
BRDA:2189,204,0,0
BRDA:2189,204,1,0
BRDA:2197,205,0,0
BRDA:2197,205,1,0
BRDA:2208,206,0,0
BRDA:2208,206,1,0
BRDA:2213,207,0,0
BRDA:2213,207,1,0
BRDA:2231,208,0,0
BRDA:2231,208,1,0
BRDA:2253,209,0,0
BRDA:2253,209,1,0
BRDA:2255,210,0,0
BRDA:2255,210,1,0
BRDA:2287,211,0,0
BRDA:2287,211,1,0
BRDA:2307,212,0,0
BRDA:2307,212,1,0
BRDA:2311,213,0,0
BRDA:2311,213,1,0
BRDA:2315,214,0,0
BRDA:2315,214,1,0
BRDA:2319,215,0,0
BRDA:2319,215,1,0
BRDA:2323,216,0,0
BRDA:2323,216,1,0
BRDA:2327,217,0,0
BRDA:2327,217,1,0
BRDA:2329,218,0,0
BRDA:2329,218,1,0
BRDA:2332,219,0,0
BRDA:2332,219,1,0
BRDA:2340,220,0,0
BRDA:2340,220,1,0
BRDA:2351,221,0,0
BRDA:2351,221,1,0
BRDA:2372,222,0,0
BRDA:2372,222,1,0
BRDA:2395,223,0,0
BRDA:2395,223,1,0
BRDA:2438,224,0,0
BRDA:2438,224,1,0
BRDA:2453,225,0,0
BRDA:2453,225,1,0
BRDA:2497,226,0,0
BRDA:2497,226,1,0
BRDA:2505,227,0,0
BRDA:2505,227,1,0
BRDA:2549,228,0,0
BRDA:2626,229,0,0
BRDA:2626,229,1,0
BRDA:2637,230,0,0
BRDA:2638,231,0,0
BRDA:2644,232,0,0
BRDA:2644,232,1,0
BRDA:2655,233,0,0
BRDA:2655,233,1,0
BRF:475
BRH:0
end_of_record
TN:
SF:src\services\email.ts
FN:11,setBroadcastFunction
FN:33,(anonymous_2)
FN:37,(anonymous_3)
FN:42,(anonymous_4)
FN:85,(anonymous_5)
FN:111,(anonymous_6)
FN:121,(anonymous_7)
FN:258,(anonymous_8)
FN:259,(anonymous_9)
FN:267,(anonymous_10)
FN:277,(anonymous_11)
FN:289,(anonymous_12)
FN:304,(anonymous_13)
FN:308,(anonymous_14)
FN:326,(anonymous_15)
FN:340,(anonymous_16)
FN:354,(anonymous_17)
FN:358,(anonymous_18)
FN:362,(anonymous_19)
FN:367,(anonymous_20)
FNF:20
FNH:0
FNDA:0,setBroadcastFunction
FNDA:0,(anonymous_2)
FNDA:0,(anonymous_3)
FNDA:0,(anonymous_4)
FNDA:0,(anonymous_5)
FNDA:0,(anonymous_6)
FNDA:0,(anonymous_7)
FNDA:0,(anonymous_8)
FNDA:0,(anonymous_9)
FNDA:0,(anonymous_10)
FNDA:0,(anonymous_11)
FNDA:0,(anonymous_12)
FNDA:0,(anonymous_13)
FNDA:0,(anonymous_14)
FNDA:0,(anonymous_15)
FNDA:0,(anonymous_16)
FNDA:0,(anonymous_17)
FNDA:0,(anonymous_18)
FNDA:0,(anonymous_19)
FNDA:0,(anonymous_20)
DA:1,0
DA:2,0
DA:3,0
DA:8,0
DA:11,0
DA:14,0
DA:30,0
DA:31,0
DA:34,0
DA:38,0
DA:39,0
DA:40,0
DA:42,0
DA:43,0
DA:45,0
DA:46,0
DA:48,0
DA:49,0
DA:51,0
DA:52,0
DA:54,0
DA:55,0
DA:56,0
DA:58,0
DA:59,0
DA:60,0
DA:62,0
DA:63,0
DA:65,0
DA:66,0
DA:70,0
DA:77,0
DA:78,0
DA:81,0
DA:86,0
DA:87,0
DA:90,0
DA:100,0
DA:101,0
DA:102,0
DA:103,0
DA:106,0
DA:107,0
DA:113,0
DA:114,0
DA:118,0
DA:124,0
DA:125,0
DA:128,0
DA:129,0
DA:130,0
DA:131,0
DA:134,0
DA:135,0
DA:136,0
DA:137,0
DA:143,0
DA:144,0
DA:151,0
DA:152,0
DA:153,0
DA:156,0
DA:158,0
DA:159,0
DA:160,0
DA:163,0
DA:169,0
DA:172,0
DA:173,0
DA:185,0
DA:186,0
DA:189,0
DA:203,0
DA:204,0
DA:217,0
DA:224,0
DA:227,0
DA:240,0
DA:241,0
DA:254,0
DA:258,0
DA:259,0
DA:261,0
DA:267,0
DA:272,0
DA:273,0
DA:282,0
DA:290,0
DA:291,0
DA:294,0
DA:295,0
DA:296,0
DA:299,0
DA:300,0
DA:305,0
DA:309,0
DA:311,0
DA:337,0
DA:350,0
DA:355,0
DA:359,0
DA:363,0
DA:371,0
DA:373,0
DA:375,0
DA:381,0
DA:383,0
DA:384,0
DA:385,0
DA:392,0
DA:398,0
LF:111
LH:0
BRDA:43,0,0,0
BRDA:43,0,1,0
BRDA:43,0,2,0
BRDA:43,0,3,0
BRDA:43,0,4,0
BRDA:43,0,5,0
BRDA:43,0,6,0
BRDA:54,1,0,0
BRDA:54,1,1,0
BRDA:58,2,0,0
BRDA:58,2,1,0
BRDA:70,3,0,0
BRDA:70,3,1,0
BRDA:71,4,0,0
BRDA:71,4,1,0
BRDA:71,4,2,0
BRDA:71,4,3,0
BRDA:71,4,4,0
BRDA:86,5,0,0
BRDA:86,5,1,0
BRDA:101,6,0,0
BRDA:101,6,1,0
BRDA:124,7,0,0
BRDA:124,7,1,0
BRDA:124,8,0,0
BRDA:124,8,1,0
BRDA:134,9,0,0
BRDA:134,9,1,0
BRDA:136,10,0,0
BRDA:136,10,1,0
BRDA:143,11,0,0
BRDA:143,11,1,0
BRDA:151,12,0,0
BRDA:151,12,1,0
BRDA:153,13,0,0
BRDA:153,13,1,0
BRDA:159,14,0,0
BRDA:159,14,1,0
BRDA:163,15,0,0
BRDA:163,15,1,0
BRDA:174,16,0,0
BRDA:174,16,1,0
BRDA:181,17,0,0
BRDA:181,17,1,0
BRDA:190,18,0,0
BRDA:190,18,1,0
BRDA:194,19,0,0
BRDA:194,19,1,0
BRDA:195,20,0,0
BRDA:195,20,1,0
BRDA:197,21,0,0
BRDA:197,21,1,0
BRDA:203,22,0,0
BRDA:203,22,1,0
BRDA:209,23,0,0
BRDA:209,23,1,0
BRDA:224,24,0,0
BRDA:224,24,1,0
BRDA:228,25,0,0
BRDA:228,25,1,0
BRDA:232,26,0,0
BRDA:232,26,1,0
BRDA:233,27,0,0
BRDA:233,27,1,0
BRDA:236,28,0,0
BRDA:236,28,1,0
BRDA:240,29,0,0
BRDA:240,29,1,0
BRDA:246,30,0,0
BRDA:246,30,1,0
BRDA:264,31,0,0
BRDA:264,31,1,0
BRDA:266,32,0,0
BRDA:266,32,1,0
BRDA:272,33,0,0
BRDA:272,33,1,0
BRDA:280,34,0,0
BRDA:290,35,0,0
BRDA:290,35,1,0
BRDA:299,36,0,0
BRDA:299,36,1,0
BRDA:305,37,0,0
BRDA:305,37,1,0
BRDA:309,38,0,0
BRDA:309,38,1,0
BRDA:341,39,0,0
BRDA:342,40,0,0
BRDA:384,41,0,0
BRDA:384,41,1,0
BRF:89
BRH:0
end_of_record
